<?xml version="1.0" encoding="UTF-8"?>
<testng-results skipped="0" failed="0" ignored="0" total="1" passed="1">
  <reporter-output>
  </reporter-output>
  <suite name="Default suite" duration-ms="134286" started-at="2018-06-21T14:06:47Z" finished-at="2018-06-21T14:09:01Z">
    <groups>
    </groups>
    <test name="Default test" duration-ms="134286" started-at="2018-06-21T14:06:47Z" finished-at="2018-06-21T14:09:01Z">
      <class name="com.selenium.MavenSelenium.ExtendReportBy">
        <test-method status="PASS" signature="beforeTest()[pri:0, instance:com.selenium.MavenSelenium.ExtendReportBy@757942a1]" name="beforeTest" is-config="true" duration-ms="126890" started-at="2018-06-21T14:06:47Z" finished-at="2018-06-21T14:08:54Z">
          <reporter-output>
          </reporter-output>
        </test-method> <!-- beforeTest -->
        <test-method status="PASS" signature="f()[pri:0, instance:com.selenium.MavenSelenium.ExtendReportBy@757942a1]" name="f" duration-ms="5484" started-at="2018-06-21T14:08:54Z" finished-at="2018-06-21T14:08:59Z">
          <reporter-output>
          </reporter-output>
        </test-method> <!-- f -->
        <test-method status="PASS" signature="afterTest()[pri:0, instance:com.selenium.MavenSelenium.ExtendReportBy@757942a1]" name="afterTest" is-config="true" duration-ms="1827" started-at="2018-06-21T14:08:59Z" finished-at="2018-06-21T14:09:01Z">
          <reporter-output>
          </reporter-output>
        </test-method> <!-- afterTest -->
      </class> <!-- com.selenium.MavenSelenium.ExtendReportBy -->
    </test> <!-- Default test -->
  </suite> <!-- Default suite -->
</testng-results>
